0.001
2.743196668666896
0.002
2.57650796100677
0.003
2.4353705673362547
0.004
2.314186930186408
0.005
2.207511802176856
0.006
2.1126602048767262
0.007
2.080319962963691
0.008
2.054869010806939
0.009000000000000001
2.029489770478833
0.010000000000000002
2.004545238556443
0.011000000000000003
1.9829775576002933
0.012000000000000004
1.990137693384294
0.013000000000000005
1.9935403040813842
0.014000000000000005
1.9940084892370282
0.015000000000000006
1.9921315553201162
0.016000000000000007
1.9884041586835168
0.017000000000000008
1.9832191663189134
0.01800000000000001
1.9768892451918947
0.01900000000000001
1.9696635588349867
0.02000000000000001
1.961740308883911
0.02100000000000001
1.953277764152221
0.022000000000000013
1.9444021920575374
0.023000000000000013
1.9352144226510182
0.024000000000000014
1.9257950728122102
0.025000000000000015
1.9162086909029026
0.026000000000000016
1.9083461159477686
0.027000000000000017
1.906380842321876
0.028000000000000018
1.90450708518087
0.02900000000000002
1.9022312762052824
0.03000000000000002
1.8996042486691322
0.03100000000000002
1.896671675514628
0.03200000000000002
1.8934743384039794
0.03300000000000002
1.8900484436866365
0.03400000000000002
1.8866265535050746
0.035000000000000024
1.885406693758512
0.036000000000000025
1.8839384781757234
0.037000000000000026
1.882246048307784
0.03800000000000003
1.8803507671421416
0.03900000000000003
1.8782715691934035
0.04000000000000003
1.8760252777776742
0.04100000000000003
1.8736268885401601
0.04200000000000003
1.8710898197001833
0.04300000000000003
1.8684261304770946
0.04400000000000003
1.8656467098355003
0.04500000000000003
1.8627614381025606
0.046000000000000034
1.8597793242204497
0.047000000000000035
1.8567086214517727
0.048000000000000036
1.8535569242959842
0.04900000000000004
1.8503312492343147
0.05000000000000004
1.8470381017269903
0.05100000000000004
1.8436835316612123
0.05200000000000004
1.8402731792084404
0.05300000000000004
1.8368123128075664
0.05400000000000004
1.8333058607558663
0.05500000000000004
1.8297584376685543
0.05600000000000004
1.8261743668644626
0.057000000000000044
1.822557699552166
0.058000000000000045
1.8189122315287443
0.059000000000000045
1.8152415179622703
0.060000000000000046
1.8115488867082064
0.06100000000000005
1.8087555698667568
0.06200000000000005
1.8082344752055948
0.06300000000000004
1.8076595376507427
0.06400000000000004
1.8070321600343362
0.06500000000000004
1.8063538004766662
0.06600000000000004
1.8056259608399787
0.06700000000000005
1.804850175856638
0.06800000000000005
1.804028002972608
0.06900000000000005
1.8031610129357636
0.07000000000000005
1.8022507811474957
0.07100000000000005
1.8012988797858838
0.07200000000000005
1.8003068706992145
0.07300000000000005
1.799276299060172
0.07400000000000005
1.7982086877634347
0.07500000000000005
1.7971055325429441
0.07600000000000005
1.7959682977794797
0.07700000000000005
1.7950921358178364
0.07800000000000006
1.7942539469293872
0.07900000000000006
1.7933859904105198
0.08000000000000006
1.7924894688739532
0.08100000000000006
1.7915655438214164
0.08200000000000006
1.7906153354307743
0.08300000000000006
1.7896399225565363
0.08400000000000006
1.7886403429266564
0.08500000000000006
1.787617593518467
0.08600000000000006
1.7865726310968477
0.08700000000000006
1.7855063728978646
0.08800000000000006
1.7844196974414548
0.08900000000000007
1.783313445457198
0.09000000000000007
1.7821884209076804
0.09100000000000007
1.7810453920946392
0.09200000000000007
1.7801042472985322
0.09300000000000007
1.7794424233134243
0.09400000000000007
1.7787586099542776
0.09500000000000007
1.7780534683049871
0.09600000000000007
1.7773276445687527
0.09700000000000007
1.7765817696747868
0.09800000000000007
1.7758164589675849
0.09900000000000007
1.7750323119744171
0.10000000000000007
1.7742299122465948
0.10100000000000008
1.773409827270069
0.10200000000000008
1.7725726084407816
0.10300000000000008
1.7717187911002514
0.10400000000000008
1.7708488946268153
0.10500000000000008
1.769963422578013
0.10600000000000008
1.7690628628796277
0.10700000000000008
1.7681476880569726
0.10800000000000008
1.7673208911296887
0.10900000000000008
1.7668362919204754
0.11000000000000008
1.7663380161153484
0.11100000000000008
1.765826306629249
0.11200000000000009
1.765301402733221
0.11300000000000009
1.7647635403113486
0.11400000000000009
1.764212952103051
0.11500000000000009
1.7636498679286063
0.11600000000000009
1.7630745148964302
0.11700000000000009
1.7624871175911505
0.11800000000000009
1.7618878982419877
0.11900000000000009
1.761277076871366
0.12000000000000009
1.7606548714240098
0.1210000000000001
1.7600214978771047
0.1220000000000001
1.7593771703323162
0.1230000000000001
1.7587221010906398
0.1240000000000001
1.7580565007112445
0.12500000000000008
1.757380578055524
0.12600000000000008
1.756694540317679
0.12700000000000009
1.755998593043177
0.12800000000000009
1.7552929401364294
0.1290000000000001
1.7545777838590486
0.1300000000000001
1.753853324819976
0.1310000000000001
1.7531197619587378
0.1320000000000001
1.7523772925230323
0.1330000000000001
1.7516261120417493
0.1340000000000001
1.750866414294475
0.1350000000000001
1.7500983912784234
0.1360000000000001
1.7493222331736535
0.1370000000000001
1.7485381283073558
0.1380000000000001
1.7477462631178773
0.1390000000000001
1.7469468221190902
0.1400000000000001
1.7461635277301215
0.1410000000000001
1.7456352054574031
0.1420000000000001
1.7450990311878247
0.1430000000000001
1.7445551637589427
0.1440000000000001
1.744003760585759
0.1450000000000001
1.743444977624107
0.1460000000000001
1.742878969337489
0.1470000000000001
1.7423058886670713
0.1480000000000001
1.7417258870045267
0.1490000000000001
1.7411391141674764
0.1500000000000001
1.7405457183772575
0.1510000000000001
1.73999277088377
0.1520000000000001
1.7394911807614084
0.1530000000000001
1.738982641583083
0.1540000000000001
1.7384672741219565
0.1550000000000001
1.737945198252577
0.1560000000000001
1.7374165329355862
0.1570000000000001
1.7368813962029295
0.1580000000000001
1.7363399051436164
0.1590000000000001
1.7357921758900927
0.16000000000000011
1.7352383236052287
0.16100000000000012
1.7346784624699239
0.16200000000000012
1.7341127056713628
0.16300000000000012
1.7335411653918944
0.16400000000000012
1.7329639527985121
0.16500000000000012
1.732381178032959
0.16600000000000012
1.7317929502023819
0.16700000000000012
1.7313245409475317
0.16800000000000012
1.7309532729209056
0.16900000000000012
1.730576559634296
0.17000000000000012
1.73019449000601
0.17100000000000012
1.729807152331861
0.17200000000000013
1.7294146342733798
0.17300000000000013
1.729017022846281
0.17400000000000013
1.7286144044091227
0.17500000000000013
1.7282068646521722
0.17600000000000013
1.7277944885864214
0.17700000000000013
1.7273773605327838
0.17800000000000013
1.7269555641114316
0.17900000000000013
1.7265291822313047
0.18000000000000013
1.726098297079784
0.18100000000000013
1.7256629901125287
0.18200000000000013
1.725223342043518
0.18300000000000013
1.724779432835294
0.18400000000000014
1.7243313416894415
0.18500000000000014
1.7238791470373125
0.18600000000000014
1.7234229265310204
0.18700000000000014
1.7229627570347503
0.18800000000000014
1.722498714616384
0.18900000000000014
1.722030874539464
0.19000000000000014
1.721559311255559
0.19100000000000014
1.7210840983970108
0.19200000000000014
1.7206053087701099
0.19300000000000014
1.7201230143487192
0.19400000000000014
1.7196372862683689
0.19500000000000015
1.7191481948208351
0.19600000000000015
1.7186558094492355
0.19700000000000015
1.7181601987436397
0.19800000000000015
1.717661430437232
0.19900000000000015
1.7171595714030063
0.20000000000000015
1.716654687651048
0.20100000000000015
1.716146844326372
0.20200000000000015
1.7156361057073495
0.20300000000000015
1.7151225352047146
0.20400000000000015
1.7146061953611527
0.20500000000000015
1.714087147851486
0.20600000000000016
1.713565453483445
0.20700000000000016
1.7130830371181751
0.20800000000000016
1.7127693654685023
0.20900000000000016
1.7124522531060187
0.21000000000000016
1.7121317519688468
0.21100000000000016
1.7118079135783797
0.21200000000000016
1.711480789029945
0.21300000000000016
1.7111504289839372
0.21400000000000016
1.7108168836574165
0.21500000000000016
1.7104802028162007
0.21600000000000016
1.7101404357674554
0.21700000000000016
1.7097976313527843
0.21800000000000017
1.7094518379418366
0.21900000000000017
1.7091031034264332
0.22000000000000017
1.7087514752152018
0.22100000000000017
1.708397000228731
0.22200000000000017
1.7080397248952672
0.22300000000000017
1.7076796951468955
0.22400000000000017
1.7073169564162682
0.22500000000000017
1.7069515536338211
0.22600000000000017
1.7065835312254944
0.22700000000000017
1.7062129331109663
0.22800000000000017
1.70583980270236
0.22900000000000018
1.7054641829034294
0.23000000000000018
1.7050861161092172
0.23100000000000018
1.7047056442061705
0.23200000000000018
1.7043228085726845
0.23300000000000018
1.7039376500800998
0.23400000000000018
1.7035502090940873
0.23500000000000018
1.703160525476454
0.23600000000000018
1.7027686385873202
0.23700000000000018
1.702374587287676
0.23800000000000018
1.7019784099422788
0.23900000000000018
1.701580144422892
0.24000000000000019
1.7011798281118422
0.2410000000000002
1.7007774979058707
0.2420000000000002
1.7003731902202734
0.2430000000000002
1.6999669409933065
0.2440000000000002
1.699558785690826
0.2450000000000002
1.699148759311181
0.2460000000000002
1.698736896390296
0.2470000000000002
1.6983232310069525
0.2480000000000002
1.6979077967882552
0.2490000000000002
1.6974906269152514
0.25000000000000017
1.6970717541286915
0.25100000000000017
1.6966512107349194
0.25200000000000017
1.6962290286118673
0.25300000000000017
1.6958052392151397
0.25400000000000017
1.695379873584196
0.25500000000000017
1.6949529623485664
0.25600000000000017
1.6945245357341387
0.2570000000000002
1.6940946235694654
0.2580000000000002
1.6936632552920952
0.2590000000000002
1.6932304599549128
0.2600000000000002
1.6927962662324703
0.2610000000000002
1.692360702427301
0.2620000000000002
1.6920094204616503
0.2630000000000002
1.6917185786419504
0.2640000000000002
1.6914258541265257
0.2650000000000002
1.6911312735387425
0.2660000000000002
1.69083486320543
0.2670000000000002
1.690536649159879
0.2680000000000002
1.6902366571449976
0.2690000000000002
1.6899349126165897
0.2700000000000002
1.6896314407467674
0.2710000000000002
1.689326266427456
0.2720000000000002
1.689019414274008
0.2730000000000002
1.6887109086288776
0.2740000000000002
1.6884007735653892
0.2750000000000002
1.6880890328915445
0.2760000000000002
1.6877757101538904
0.2770000000000002
1.6874608286414141
0.2780000000000002
1.687144411389468
0.2790000000000002
1.686826481183702
0.2800000000000002
1.6865070605640065
0.2810000000000002
1.68618617182846
0.2820000000000002
1.6858638370372472
0.2830000000000002
1.6855400780165648
0.2840000000000002
1.6852149163624943
0.2850000000000002
1.6848883734448477
0.2860000000000002
1.6845604704109562
0.2870000000000002
1.6842312281894178
0.2880000000000002
1.6839006674937833
0.2890000000000002
1.6835688088261844
0.2900000000000002
1.6832356724808901
0.2910000000000002
1.6829012785478006
0.2920000000000002
1.682565646915846
0.2930000000000002
1.682228797276335
0.2940000000000002
1.6818907491261843
0.2950000000000002
1.6815515217710928
0.2960000000000002
1.6812111343286085
0.2970000000000002
1.6808696057311165
0.2980000000000002
1.6805269547287203
0.2990000000000002
1.680183199892042
0.3000000000000002
1.6798383596149211
0.3010000000000002
1.6794924521170125
0.3020000000000002
1.679145495446307
0.3030000000000002
1.6787975074815265
0.3040000000000002
1.678448505934453
0.3050000000000002
1.6780985083521376
0.3060000000000002
1.6777475321190365
0.3070000000000002
1.6773955944590306
0.3080000000000002
1.6770427124373724
0.3090000000000002
1.6766889029625318
0.3100000000000002
1.6763341827879594
0.3110000000000002
1.675978568513752
0.3120000000000002
1.6756220765882466
0.3130000000000002
1.6752647233095197
0.3140000000000002
1.674906524826817
0.3150000000000002
1.6745474971419014
0.3160000000000002
1.674187656110319
0.3170000000000002
1.6738270174426018
0.3180000000000002
1.673465596705406
0.31900000000000023
1.6731034093225612
0.32000000000000023
1.6727404705760887
0.32100000000000023
1.6723767956071272
0.32200000000000023
1.672012399416827
0.32300000000000023
1.6716472968671732
0.32400000000000023
1.671375025635333
0.32500000000000023
1.6711031079161145
0.32600000000000023
1.670830360584603
0.32700000000000023
1.6705567970232602
0.32800000000000024
1.6702824305084636
0.32900000000000024
1.670007274210143
0.33000000000000024
1.6697313411914114
0.33100000000000024
1.6694546444081981
0.33200000000000024
1.6691771967088846
0.33300000000000024
1.66889901083394
0.33400000000000024
1.6686200994155822
0.33500000000000024
1.6683404749774344
0.33600000000000024
1.668060149934204
0.33700000000000024
1.6677791365913763
0.33800000000000024
1.667497447144923
0.33900000000000025
1.6672150936810382
0.34000000000000025
1.666932088175889
0.34100000000000025
1.6666484424953865
0.34200000000000025
1.6663641683949997
0.34300000000000025
1.666079277519571
0.34400000000000025
1.6657937814031778
0.34500000000000025
1.6655076914690168
0.34600000000000025
1.6652210190293093
0.34700000000000025
1.6649337752852542
0.34800000000000025
1.664645971326996
0.34900000000000025
1.664357618133635
0.35000000000000026
1.6640687265732639
0.35100000000000026
1.663779307403034
0.35200000000000026
1.6634893712692647
0.35300000000000026
1.6631999172036154
0.35400000000000026
1.6629907302044897
0.35500000000000026
1.6627807204664038
0.35600000000000026
1.6625698987489714
0.35700000000000026
1.6623582757317046
0.35800000000000026
1.662145862013477
0.35900000000000026
1.661932668112022
0.36000000000000026
1.6617187044634512
0.36100000000000027
1.661503981421809
0.36200000000000027
1.6612885092586505
0.36300000000000027
1.6610722981626604
0.36400000000000027
1.66085535823929
0.36500000000000027
1.6606376995104353
0.36600000000000027
1.6604193319141447
0.36700000000000027
1.6602002653043608
0.36800000000000027
1.6599805094506923
0.36900000000000027
1.659760074038225
0.3700000000000003
1.6595389686673543
0.3710000000000003
1.6593172028536667
0.3720000000000003
1.6590947860278402
0.3730000000000003
1.6588717275355842
0.3740000000000003
1.6586480366376168
0.3750000000000003
1.6584237225096612
0.3760000000000003
1.6581987942424887
0.3770000000000003
1.6579732608419828
0.3780000000000003
1.6577471312292424
0.3790000000000003
1.6575204142407063
0.3800000000000003
1.6572931186283197
0.3810000000000003
1.6570652530597194
0.3820000000000003
1.6568368261184538
0.3830000000000003
1.656607846304228
0.3840000000000003
1.6563783220331791
0.3850000000000003
1.6561482616381769
0.3860000000000003
1.655917673369147
0.3870000000000003
1.6556865653934283
0.3880000000000003
1.6554549457961432
0.3890000000000003
1.6552228225805956
0.3900000000000003
1.654990203668697
0.3910000000000003
1.6547570969014083
0.3920000000000003
1.6545235100391975
0.3930000000000003
1.65428945076253
0.3940000000000003
1.654054926672368
0.3950000000000003
1.6538199452906883
0.3960000000000003
1.6535845140610235
0.3970000000000003
1.6533486403490085
0.3980000000000003
1.6531123314429585
0.3990000000000003
1.6528755945544433
0.4000000000000003
1.6526384368188842
0.4010000000000003
1.652400865296167
0.4020000000000003
1.6521628869712568
0.4030000000000003
1.6519245087548342
0.4040000000000003
1.6516857374839258
0.4050000000000003
1.651446579922566
0.4060000000000003
1.6512070427624486
0.4070000000000003
1.6509671326235897
0.4080000000000003
1.6507268560550024
0.4090000000000003
1.6504862195353724
0.4100000000000003
1.6502452294737442
0.4110000000000003
1.6500038922102034
0.4120000000000003
1.649762214016569
0.4130000000000003
1.649520201097083
0.4140000000000003
1.6492778595891127
0.4150000000000003
1.6490351955638378
0.4160000000000003
1.6487922150269576
0.4170000000000003
1.6485489239193822
0.4180000000000003
1.6483053281179296
0.4190000000000003
1.648061433436027
0.4200000000000003
1.647817245624403
0.4210000000000003
1.6475727703717777
0.4220000000000003
1.6473280133055594
0.4230000000000003
1.6470829799925266
0.4240000000000003
1.646837675939515
0.4250000000000003
1.6465921065940947
0.4260000000000003
1.6463462773452502
0.4270000000000003
1.6461001935240498
0.4280000000000003
1.6458538604043098
0.4290000000000003
1.6456072832032573
0.4300000000000003
1.645360467082185
0.4310000000000003
1.6451134171471
0.43200000000000033
1.6448661384493684
0.43300000000000033
1.6446186359863468
0.43400000000000033
1.6443709147020165
0.43500000000000033
1.644122979487603
0.43600000000000033
1.6438748351821941
0.43700000000000033
1.6436264865733448
0.43800000000000033
1.6433779383976785
0.43900000000000033
1.6431291953414815
0.44000000000000034
1.6428802620412823
0.44100000000000034
1.6426311430844363
0.44200000000000034
1.6423818430096877
0.44300000000000034
1.6421323663077327
0.44400000000000034
1.641882717421773
0.44500000000000034
1.641632900748057
0.44600000000000034
1.641382920636419
0.44700000000000034
1.641132781390804
0.44800000000000034
1.6408824872697874
0.44900000000000034
1.6406320424870886
0.45000000000000034
1.6403814512120705
0.45100000000000035
1.6401307175702338
0.45200000000000035
1.639879845643705
0.45300000000000035
1.639628839471714
0.45400000000000035
1.6393777030510632
0.45500000000000035
1.6391264403365875
0.45600000000000035
1.6388750552416105
0.45700000000000035
1.6386235516383902
0.45800000000000035
1.638371933358553
0.45900000000000035
1.6381202041935292
0.46000000000000035
1.6378683678949735
0.46100000000000035
1.6376164281751764
0.46200000000000035
1.6373643887074787
0.46300000000000036
1.6371122531266633
0.46400000000000036
1.6368600250293543
0.46500000000000036
1.6366077079744037
0.46600000000000036
1.636355305483263
0.46700000000000036
1.6361028210403636
0.46800000000000036
1.6358502580934782
0.46900000000000036
1.6355976200540798
0.47000000000000036
1.6353449102976974
0.47100000000000036
1.635154407287049
0.47200000000000036
1.6349796031516346
0.47300000000000036
1.6348045498484836
0.47400000000000037
1.6346292509188862
0.47500000000000037
1.634453709875259
0.47600000000000037
1.6342779302013526
0.47700000000000037
1.6341019153524778
0.47800000000000037
1.6339256687557162
0.47900000000000037
1.6337491938101312
0.48000000000000037
1.6335724938869656
0.48100000000000037
1.6333955723298494
0.4820000000000004
1.6332184324549968
0.4830000000000004
1.633041077551392
0.4840000000000004
1.6328635108809841
0.4850000000000004
1.6326857356788682
0.4860000000000004
1.6325077551534735
0.4870000000000004
1.632329572486735
0.4880000000000004
1.632151190834276
0.4890000000000004
1.6319726133255767
0.4900000000000004
1.6317938430641428
0.4910000000000004
1.6316148831276764
0.4920000000000004
1.6314357365682375
0.4930000000000004
1.631256406412409
0.4940000000000004
1.6310768956614525
0.4950000000000004
1.6308972072914687
0.4960000000000004
1.630717344253551
0.4970000000000004
1.6305373094739386
0.4980000000000004
1.630357105854166
0.4990000000000004
1.6301767362712203
0.5000000000000003
1.6299962035776736
0.5010000000000003
1.6298155106018448
0.5020000000000003
1.6296346601479326
0.5030000000000003
1.6294536549961716
0.5040000000000003
1.6292724979029545
0.5050000000000003
1.62909119160099
0.5060000000000003
1.6289097387994338
0.5070000000000003
1.628728142184025
0.5080000000000003
1.6285464044172295
0.5090000000000003
1.6283645281383718
0.5100000000000003
1.6281825159637706
0.5110000000000003
1.6280003704868722
0.5120000000000003
1.6278180942783895
0.5130000000000003
1.6276356898864257
0.5140000000000003
1.6274531598366155
0.5150000000000003
1.6272705066322488
0.5160000000000003
1.6270877327544082
0.5170000000000003
1.6269048406620954
0.5180000000000003
1.6267218327923645
0.5190000000000003
1.6265387115604524
0.5200000000000004
1.6263554793599004
0.5210000000000004
1.6261721385626915
0.5220000000000004
1.6259886915193786
0.5230000000000004
1.625805140559205
0.5240000000000004
1.6256214879902466
0.5250000000000004
1.6254377360995256
0.5260000000000004
1.6252538871531452
0.5270000000000004
1.6250699433964206
0.5280000000000004
1.6248859070539987
0.5290000000000004
1.6247017803299912
0.5300000000000004
1.6245175654081028
0.5310000000000004
1.624333264451751
0.5320000000000004
1.6241488796042036
0.5330000000000004
1.6239644129886959
0.5340000000000004
1.6237798667085637
0.5350000000000004
1.6235952428473712
0.5360000000000004
1.6234105434690362
0.5370000000000004
1.623225770617953
0.5380000000000004
1.6230409263191252
0.5390000000000004
1.6228560125782887
0.5400000000000004
1.622671031382043
0.5410000000000004
1.622485984697973
0.5420000000000004
1.6223008744747756
0.5430000000000004
1.6221157026423916
0.5440000000000004
1.6219304711121272
0.5450000000000004
1.6217451817767823
0.5460000000000004
1.6215598365107786
0.5470000000000004
1.621374437170285
0.5480000000000004
1.6211889855933364
0.5490000000000004
1.621003483599976
0.5500000000000004
1.6208179329923682
0.5510000000000004
1.6206323355549235
0.5520000000000004
1.6204466930544343
0.5530000000000004
1.620261007240193
0.5540000000000004
1.6200752798441238
0.5550000000000004
1.619889512580901
0.5560000000000004
1.6197037071480784
0.5570000000000004
1.6195178652262094
0.5580000000000004
1.6193319884789805
0.5590000000000004
1.619146078553327
0.5600000000000004
1.618960137079564
0.5610000000000004
1.6187741656715051
0.5620000000000004
1.6185881659265884
0.5630000000000004
1.6184021394260024
0.5640000000000004
1.6182160877348089
0.5650000000000004
1.618030012402058
0.5660000000000004
1.6178439149609187
0.5670000000000004
1.6176577969287997
0.5680000000000004
1.6174716598074745
0.5690000000000004
1.6172855050831945
0.5700000000000004
1.6170993342268152
0.5710000000000004
1.6169131486939172
0.5720000000000004
1.6167269499249264
0.5730000000000004
1.6165407393452356
0.5740000000000004
1.6163545183653176
0.5750000000000004
1.6161682883808537
0.5760000000000004
1.6159820507728426
0.5770000000000004
1.6157958069077276
0.5780000000000004
1.6156095581375058
0.5790000000000004
1.615423305799857
0.5800000000000004
1.6152370512182472
0.5810000000000004
1.6150507957020503
0.5820000000000004
1.614864540546669
0.5830000000000004
1.614678287033643
0.5840000000000004
1.614492036430764
0.5850000000000004
1.6143057899921944
0.5860000000000004
1.6141195489585793
0.5870000000000004
1.613933314557159
0.5880000000000004
1.6137470880018783
0.5890000000000004
1.6135608704935045
0.5900000000000004
1.6133746632197348
0.5910000000000004
1.6131884673553056
0.5920000000000004
1.6130022840621072
0.5930000000000004
1.6128161144892894
0.5940000000000004
1.6126299597733753
0.5950000000000004
1.6124438210383625
0.5960000000000004
1.6122576993958355
0.5970000000000004
1.6120715959450718
0.5980000000000004
1.611885511773152
0.5990000000000004
1.611699447955056
0.6000000000000004
1.6115134055537799
0.6010000000000004
1.6113273856204327
0.6020000000000004
1.6111413891943414
0.6030000000000004
1.6109554173031582
0.6040000000000004
1.610769470962956
0.6050000000000004
1.6105835511783417
0.6060000000000004
1.6103976589425426
0.6070000000000004
1.6102117952375192
0.6080000000000004
1.6100259610340613
0.6090000000000004
1.609840157291883
0.6100000000000004
1.6096543849597318
0.6110000000000004
1.6094686449754751
0.6120000000000004
1.6092829382662057
0.6130000000000004
1.6090972657483327
0.6140000000000004
1.6089116283276823
0.6150000000000004
1.6087260268995933
0.6160000000000004
1.6085404623490078
0.6170000000000004
1.608354935550566
0.6180000000000004
1.608169447368707
0.6190000000000004
1.6079839986577478
0.6200000000000004
1.6077985902619887
0.6210000000000004
1.6076132230157938
0.6220000000000004
1.6074278977436947
0.6230000000000004
1.6072426152604735
0.6240000000000004
1.6070573763712408
0.6250000000000004
1.606872181871549
0.6260000000000004
1.606687032547461
0.6270000000000004
1.606501929175648
0.6280000000000004
1.606316872523466
0.6290000000000004
1.6061318633490553
0.6300000000000004
1.6059469024014184
0.6310000000000004
1.6057619904205054
0.6320000000000005
1.605577128137297
0.6330000000000005
1.6053923162738952
0.6340000000000005
1.6052075555435972
0.6350000000000005
1.605022846650986
0.6360000000000005
1.6048381902920077
0.6370000000000005
1.604653587154052
0.6380000000000005
1.6044690379160362
0.6390000000000005
1.604284543248484
0.6400000000000005
1.6041001038136036
0.6410000000000005
1.603915720265364
0.6420000000000005
1.6037313932495827
0.6430000000000005
1.6035471234039964
0.6440000000000005
1.603362911358335
0.6450000000000005
1.603178757734406
0.6460000000000005
1.6029946631461622
0.6470000000000005
1.6028106281997823
0.6480000000000005
1.6026266534937448
0.6490000000000005
1.602457963145714
0.6500000000000005
1.6023087798477507
0.6510000000000005
1.6021595518014167
0.6520000000000005
1.6020102800035503
0.6530000000000005
1.601860965442215
0.6540000000000005
1.6017116090967651
0.6550000000000005
1.6015622119379185
0.6560000000000005
1.6014127749278193
0.6570000000000005
1.601263299020105
0.6580000000000005
1.601113785159976
0.6590000000000005
1.6009642342842525
0.6600000000000005
1.6008146473214495
0.6610000000000005
1.6006650251918357
0.6620000000000005
1.6005153688074998
0.6630000000000005
1.6003656790724126
0.6640000000000005
1.6002159568824965
0.6650000000000005
1.600066203125682
0.6660000000000005
1.5999164186819725
0.6670000000000005
1.5997666044235088
0.6680000000000005
1.5996167612146308
0.6690000000000005
1.599466889911936
0.6700000000000005
1.5993169913643475
0.6710000000000005
1.5991670664131634
0.6720000000000005
1.5990171158921322
0.6730000000000005
1.598867140627504
0.6740000000000005
1.5987171414380892
0.6750000000000005
1.5985671191353226
0.6760000000000005
1.5984170745233217
0.6770000000000005
1.5982670083989403
0.6780000000000005
1.598116921551835
0.6790000000000005
1.5979668147645165
0.6800000000000005
1.5978166888124115
0.6810000000000005
1.5976665444639195
0.6820000000000005
1.5975163824804608
0.6830000000000005
1.5973662036165501
0.6840000000000005
1.5972160086198344
0.6850000000000005
1.5970657982311598
0.6860000000000005
1.5969155731846263
0.6870000000000005
1.5967653342076389
0.6880000000000005
1.5966150820209655
0.6890000000000005
1.596464817338787
0.6900000000000005
1.5963145408687531
0.6910000000000005
1.5961642533120404
0.6920000000000005
1.596013955363397
0.6930000000000005
1.5958636477112051
0.6940000000000005
1.5957133310375222
0.6950000000000005
1.5955630060181418
0.6960000000000005
1.5954126733226446
0.6970000000000005
1.5952623336144443
0.6980000000000005
1.5951119875508415
0.6990000000000005
1.594961635783081
0.7000000000000005
1.5948112789563873
0.7010000000000005
1.5946609177100257
0.7020000000000005
1.5945105526773558
0.7030000000000005
1.594360184485867
0.7040000000000005
1.5942098137572385
0.7050000000000005
1.5940594411073792
0.7060000000000005
1.5939090671464808
0.7070000000000005
1.5937586924790748
0.7080000000000005
1.593608317704061
0.7090000000000005
1.5934579434147695
0.7100000000000005
1.5933075701989987
0.7110000000000005
1.5931571986390678
0.7120000000000005
1.5930068293118615
0.7130000000000005
1.5928564627888728
0.7140000000000005
1.5927060996362514
0.7150000000000005
1.592555740414853
0.7160000000000005
1.5924053856802722
0.7170000000000005
1.5922550359828986
0.7180000000000005
1.5921046918679533
0.7190000000000005
1.5919543538755383
0.7200000000000005
1.5918040225406775
0.7210000000000005
1.5916536983933605
0.7220000000000005
1.5915033819585835
0.7230000000000005
1.591353073756395
0.7240000000000005
1.5912027743019372
0.7250000000000005
1.5910524841054887
0.7260000000000005
1.5909022036724982
0.7270000000000005
1.5907519335036358
0.7280000000000005
1.5906016740948374
0.7290000000000005
1.590451425937326
0.7300000000000005
1.5903011895176744
0.7310000000000005
1.5901509653178367
0.7320000000000005
1.5900007538151752
0.7330000000000005
1.589850555482524
0.7340000000000005
1.5897003707882071
0.7350000000000005
1.5895502001960937
0.7360000000000005
1.589400044165624
0.7370000000000005
1.5892499031518517
0.7380000000000005
1.589099777605484
0.7390000000000005
1.5889496679729191
0.7400000000000005
1.588799574696284
0.7410000000000005
1.5886494982134658
0.7420000000000005
1.5884994389581573
0.7430000000000005
1.5883493973598848
0.7440000000000005
1.5881993738440494
0.7450000000000006
1.588049368831964
0.7460000000000006
1.5878993827408896
0.7470000000000006
1.5877494159840622
0.7480000000000006
1.5875994689707382
0.7490000000000006
1.5874495421062225
0.7500000000000006
1.5872996357919078
0.7510000000000006
1.5871497504253032
0.7520000000000006
1.5869998864000783
0.7530000000000006
1.5868500441060824
0.7540000000000006
1.5867002239293906
0.7550000000000006
1.5865504262523304
0.7560000000000006
1.5864006514535198
0.7570000000000006
1.5862508999078913
0.7580000000000006
1.5861011719867335
0.7590000000000006
1.58595146805772
0.7600000000000006
1.5858017884849356
0.7610000000000006
1.5856521336289215
0.7620000000000006
1.5855025038466903
0.7630000000000006
1.5853528994917725
0.7640000000000006
1.5852033209142322
0.7650000000000006
1.5850537684607127
0.7660000000000006
1.5849042424744537
0.7670000000000006
1.5847547432953322
0.7680000000000006
1.5846052712598862
0.7690000000000006
1.584455826701346
0.7700000000000006
1.5843064099496589
0.7710000000000006
1.5841570213315312
0.7720000000000006
1.5840076611704443
0.7730000000000006
1.5838583297866884
0.7740000000000006
1.5837090274973877
0.7750000000000006
1.5835597546165376
0.7760000000000006
1.5834105114550223
0.7770000000000006
1.5832612983206464
0.7780000000000006
1.583112115518164
0.7790000000000006
1.5829629633493072
0.7800000000000006
1.5828138421128046
0.7810000000000006
1.5826647521044215
0.7820000000000006
1.5825156936169749
0.7830000000000006
1.582366666940365
0.7840000000000006
1.5822176723616004
0.7850000000000006
1.5820687101648312
0.7860000000000006
1.581919780631358
0.7870000000000006
1.5817708840396738
0.7880000000000006
1.5816220206654794
0.7890000000000006
1.5814731907817179
0.7900000000000006
1.5813243946585875
0.7910000000000006
1.581175632563579
0.7920000000000006
1.5810269047614873
0.7930000000000006
1.580878211514448
0.7940000000000006
1.5807295530819503
0.7950000000000006
1.5805809297208755
0.7960000000000006
1.5804323416855044
0.7970000000000006
1.5802837892275459
0.7980000000000006
1.5801352725961717
0.7990000000000006
1.5799867920380253
0.8000000000000006
1.579838347797249
0.8010000000000006
1.57968994011551
0.8020000000000006
1.5795415692320192
0.8030000000000006
1.5793932353835567
0.8040000000000006
1.5792449388044905
0.8050000000000006
1.5790966797268016
0.8060000000000006
1.578948458380102
0.8070000000000006
1.5788002749916619
0.8080000000000006
1.5786521297864269
0.8090000000000006
1.5785040229870388
0.8100000000000006
1.578355954813863
0.8110000000000006
1.5782079254850012
0.8120000000000006
1.5780599352163174
0.8130000000000006
1.577911984221454
0.8140000000000006
1.5777640727118585
0.8150000000000006
1.5776162008967987
0.8160000000000006
1.5774683689833862
0.8170000000000006
1.5773205771765926
0.8180000000000006
1.5771728256792705
0.8190000000000006
1.577025114692177
0.8200000000000006
1.5768774444139881
0.8210000000000006
1.5767298150413198
0.8220000000000006
1.5765822267687466
0.8230000000000006
1.5764346797888202
0.8240000000000006
1.576287174292094
0.8250000000000006
1.576139710467131
0.8260000000000006
1.5759922885005317
0.8270000000000006
1.5758449085769484
0.8280000000000006
1.5756975708791026
0.8290000000000006
1.5755502755878048
0.8300000000000006
1.5754030228819713
0.8310000000000006
1.5752558129386462
0.8320000000000006
1.5751086459330086
0.8330000000000006
1.5749615220384032
0.8340000000000006
1.5748144414263467
0.8350000000000006
1.5746674042665534
0.8360000000000006
1.5745204107269433
0.8370000000000006
1.5743734609736668
0.8380000000000006
1.5742265551711185
0.8390000000000006
1.5740796934819539
0.8400000000000006
1.5739328760671059
0.8410000000000006
1.5737861030858002
0.8420000000000006
1.5736393746955735
0.8430000000000006
1.5734926910522862
0.8440000000000006
1.5733460523101432
0.8450000000000006
1.5731994586217026
0.8460000000000006
1.5730529101379036
0.8470000000000006
1.5729064070080656
0.8480000000000006
1.5727599493799171
0.8490000000000006
1.5726135373996062
0.8500000000000006
1.5724671712117144
0.8510000000000006
1.5723208509592719
0.8520000000000006
1.572174576783774
0.8530000000000006
1.5720283488251974
0.8540000000000006
1.5718821672220122
0.8550000000000006
1.5717360321111953
0.8560000000000006
1.5715899436282492
0.8570000000000007
1.5714439019072122
0.8580000000000007
1.5712979070806752
0.8590000000000007
1.571151959279793
0.8600000000000007
1.5710060586343013
0.8610000000000007
1.5708602052725313
0.8620000000000007
1.5707143993214165
0.8630000000000007
1.5705686409065172
0.8640000000000007
1.570422930152023
0.8650000000000007
1.5702772671807725
0.8660000000000007
1.5701316521142692
0.8670000000000007
1.5699860850726848
0.8680000000000007
1.5698405661748822
0.8690000000000007
1.5696950955384246
0.8700000000000007
1.5695496732795877
0.8710000000000007
1.5694042995133721
0.8720000000000007
1.5692589743535197
0.8730000000000007
1.5691136979125186
0.8740000000000007
1.5689684703016251
0.8750000000000007
1.5688232916308682
0.8760000000000007
1.568678162009068
0.8770000000000007
1.568533081543843
0.8780000000000007
1.5683880503416263
0.8790000000000007
1.5682430685076731
0.8800000000000007
1.568098136146073
0.8810000000000007
1.5679532533597633
0.8820000000000007
1.5678084202505476
0.8830000000000007
1.567663636919093
0.8840000000000007
1.5675189034649515
0.8850000000000007
1.5673742199865712
0.8860000000000007
1.567229586581299
0.8870000000000007
1.5670850033454073
0.8880000000000007
1.5669404703740855
0.8890000000000007
1.566795987761468
0.8900000000000007
1.5666515556006364
0.8910000000000007
1.5665071739836351
0.8920000000000007
1.566362843001471
0.8930000000000007
1.5662185627441405
0.8940000000000007
1.566074333300628
0.8950000000000007
1.5659301547589237
0.8960000000000007
1.5657860272060236
0.8970000000000007
1.5656419507279515
0.8980000000000007
1.5654979254097616
0.8990000000000007
1.5653539513355537
0.9000000000000007
1.5652100285884774
0.9010000000000007
1.56506615725075
0.9020000000000007
1.5649223374036545
0.9030000000000007
1.564778569127563
0.9040000000000007
1.5646348525019362
0.9050000000000007
1.5644911876053362
0.9060000000000007
1.5643475745154376
0.9070000000000007
1.564204013309035
0.9080000000000007
1.5640605040620517
0.9090000000000007
1.5639170468495547
0.9100000000000007
1.5637736417457508
0.9110000000000007
1.5636302888240123
0.9120000000000007
1.5634869881568727
0.9130000000000007
1.5633437398160406
0.9140000000000007
1.5632005438724148
0.9150000000000007
1.5630574003960802
0.9160000000000007
1.5629143094563245
0.9170000000000007
1.5627712711216497
0.9180000000000007
1.5626282854597684
0.9190000000000007
1.5624853525376283
0.9200000000000007
1.5623424724214072
0.9210000000000007
1.5621996451765292
0.9220000000000007
1.5620568708676688
0.9230000000000007
1.5619141495587627
0.9240000000000007
1.5617714813130155
0.9250000000000007
1.5616288661929032
0.9260000000000007
1.5614863042601914
0.9270000000000007
1.5613437955759364
0.9280000000000007
1.5612013402004896
0.9290000000000007
1.561058938193516
0.9300000000000007
1.560916589613993
0.9310000000000007
1.5607742945202205
0.9320000000000007
1.5606320529698299
0.9330000000000007
1.560489865019786
0.9340000000000007
1.5603477307264002
0.9350000000000007
1.5602056501453376
0.9360000000000007
1.5600636233316245
0.9370000000000007
1.559921650339651
0.9380000000000007
1.5597854939482338
0.9390000000000007
1.559669353269106
0.9400000000000007
1.5595532393979648
0.9410000000000007
1.559437152451032
0.9420000000000007
1.5593210925436871
0.9430000000000007
1.5592050597904696
0.9440000000000007
1.5590890543050913
0.9450000000000007
1.55897307620044
0.9460000000000007
1.5588571255885935
0.9470000000000007
1.5587412025808165
0.9480000000000007
1.5586253072875726
0.9490000000000007
1.5585094398185335
0.9500000000000007
1.5583936002825824
0.9510000000000007
1.5582777887878234
0.9520000000000007
1.5581620054415866
0.9530000000000007
1.5580462503504346
0.9540000000000007
1.5579305236201704
0.9550000000000007
1.5578148253558453
0.9560000000000007
1.557699155661761
0.9570000000000007
1.5575835146414805
0.9580000000000007
1.5574679023978333
0.9590000000000007
1.5573523190329208
0.9600000000000007
1.5572367646481209
0.9610000000000007
1.5571212393440976
0.9620000000000007
1.5570057432208089
0.9630000000000007
1.5568902763775048
0.9640000000000007
1.5567748389127458
0.9650000000000007
1.5566594309243964
0.9660000000000007
1.5565440525096388
0.9670000000000007
1.5564287037649762
0.9680000000000007
1.5563133847862383
0.9690000000000007
1.5561980956685901
0.9700000000000008
1.5560828365065338
0.9710000000000008